[24-Apr-2025 19:50:17 Europe/Berlin] POST request received
[24-Apr-2025 19:50:17 Europe/Berlin] Attempting login for email: maitreya05p@gmail.com
[24-Apr-2025 19:50:17 Europe/Berlin] Query executed, rows found: 1
[24-Apr-2025 19:50:17 Europe/Berlin] User found, verifying password
[24-Apr-2025 19:50:17 Europe/Berlin] Stored password hash: $2y$10$d2tO7pa6ysq6Bqmjajv5ZeQYLfi33lZVYZNm6cUeSnIPe6lGxxTwu
[24-Apr-2025 19:50:17 Europe/Berlin] Password verified successfully
[24-Apr-2025 19:50:17 Europe/Berlin] Session data set: Array
(
    [user] => Array
        (
            [id] => 12
            [email] => maitreya05p@gmail.com
            [name] => Maitreya Pathak
        )

)

[24-Apr-2025 19:50:23 Europe/Berlin] POST request received
[24-Apr-2025 19:50:23 Europe/Berlin] Attempting login for email: maitreya05p@gmail.com
[24-Apr-2025 19:50:23 Europe/Berlin] Query executed, rows found: 1
[24-Apr-2025 19:50:23 Europe/Berlin] User found, verifying password
[24-Apr-2025 19:50:23 Europe/Berlin] Stored password hash: $2y$10$d2tO7pa6ysq6Bqmjajv5ZeQYLfi33lZVYZNm6cUeSnIPe6lGxxTwu
[24-Apr-2025 19:50:23 Europe/Berlin] Password verified successfully
[24-Apr-2025 19:50:23 Europe/Berlin] Session data set: Array
(
    [user] => Array
        (
            [id] => 12
            [email] => maitreya05p@gmail.com
            [name] => Maitreya Pathak
        )

)

[24-Apr-2025 19:50:29 Europe/Berlin] POST request received
[24-Apr-2025 19:50:29 Europe/Berlin] Attempting login for email: maitreya05p@gmail.com
[24-Apr-2025 19:50:29 Europe/Berlin] Query executed, rows found: 1
[24-Apr-2025 19:50:29 Europe/Berlin] User found, verifying password
[24-Apr-2025 19:50:29 Europe/Berlin] Stored password hash: $2y$10$d2tO7pa6ysq6Bqmjajv5ZeQYLfi33lZVYZNm6cUeSnIPe6lGxxTwu
[24-Apr-2025 19:50:29 Europe/Berlin] Password verified successfully
[24-Apr-2025 19:50:29 Europe/Berlin] Session data set: Array
(
    [user] => Array
        (
            [id] => 12
            [email] => maitreya05p@gmail.com
            [name] => Maitreya Pathak
        )

)

[24-Apr-2025 19:50:35 Europe/Berlin] POST request received
[24-Apr-2025 19:50:35 Europe/Berlin] Attempting login for email: maitreya05p@gmail.com
[24-Apr-2025 19:50:35 Europe/Berlin] Query executed, rows found: 1
[24-Apr-2025 19:50:35 Europe/Berlin] User found, verifying password
[24-Apr-2025 19:50:35 Europe/Berlin] Stored password hash: $2y$10$d2tO7pa6ysq6Bqmjajv5ZeQYLfi33lZVYZNm6cUeSnIPe6lGxxTwu
[24-Apr-2025 19:50:35 Europe/Berlin] Password verified successfully
[24-Apr-2025 19:50:35 Europe/Berlin] Session data set: Array
(
    [user] => Array
        (
            [id] => 12
            [email] => maitreya05p@gmail.com
            [name] => Maitreya Pathak
        )

)

[24-Apr-2025 19:56:57 Europe/Berlin] POST request received
[24-Apr-2025 19:56:57 Europe/Berlin] Attempting login for email: maitreya05p@gmail.com
[24-Apr-2025 19:56:57 Europe/Berlin] Query executed, rows found: 1
[24-Apr-2025 19:56:57 Europe/Berlin] User found, verifying password
[24-Apr-2025 19:56:57 Europe/Berlin] Stored password hash: $2y$10$d2tO7pa6ysq6Bqmjajv5ZeQYLfi33lZVYZNm6cUeSnIPe6lGxxTwu
[24-Apr-2025 19:56:57 Europe/Berlin] Password verified successfully
[24-Apr-2025 19:56:57 Europe/Berlin] Session data set: Array
(
    [user] => Array
        (
            [id] => 12
            [email] => maitreya05p@gmail.com
            [name] => Maitreya Pathak
        )

)

